    1  pwd
    2  mkdir test
    3  ls
    4  rmdir test
    5  ls
    6  passwd
    7  mkdir sampleProject
    8  ls -ltr
    9  cd sampleProject/
   10  touch sampleFile.txt
   11  git init
   12  git add .
   13  git status
   14  git config --global swanpyaesonetun
   15  rmdir sampleProject
   16  cd
   17  ls sampleProject
   18  rmdir sampleProject
   19  git status
   20  git config --global swanpyaesonetun
   21  git config --global user.name "swanpyaesonetun"
   22  git config --global user.email "swanpyae.steven26@gmail.com"
   23  cd ~/.ssh && ssh-keygen
   24  mkdir ~/.ssh
   25   cd ~/.ssh && ssh-keygen
   26  man
   27  man ls
   28  ls -lrth
   29  ls --h
   30  pwd
   31  ls
   32  cd sampleProject
   33  ls
   34  cat sampleFile.txt
   35  cd ..
   36  vi sampleFile.txt
   37  cat sampleFile.txt
   38  wget https://raw.githubusercontent.com/jyotikahp/DemoRepoForCS131/main/spotify-2023.csv
   39  ls
   40  clear
   41  ls
   42  cat spotify-2023.csv
   43  clear
   44  head spotify-2023.csv
   45  tail spotify-2023.csv
   46  tail -15 spotify-2023.csv
   47  clear
   48  less spotify-2023.csv
   49  more spotify-2023.csv
   50  clear
   51  ls
   52  ls sampleFile.txt
   53  nano nanoSample.txt
   54  cat nanoSample.txt
   55  ls
   56  nano nanoSample.txt
   57  cat nanoSample.txt
   58  ls
   59  rmdir nanoSample.txt
   60  rm nanoSample.txt
   61  ls
   62  nano nanoSample.txt
   63  rmdir nanoSample.txt
   64  nano nanoSample.txt
   65  ls
   66  rm nanoSample.txt
   67  ls
   68  nano nanoSample.txt
   69  clear
   70  ls
   71  clear
   72  pwd
   73  clear
   74  ls
   75  vi spotify-2023.csv
   76  clear
   77  ls
   78  vi spotify-2023.csv
   79  ls
   80  vi test.txt
   81  cat test.txt
   82  sort test.txt
   83  vi test.txt
   84  sort vi test.txt
   85  sort test.txt
   86  ls
   87  echo "hello world" > demo.txt
   88  echo "hello world" >> demo.txt
   89  cat demo.txt
   90  rm demo.txt
   91  ls
   92  echo "hello world" > demo.txt
   93  ls
   94  rm demo.txt
   95  ls
   96  clear
   97  echo "hello world 1" > demo.txt
   98  echo "hello world 2" >> demo.txt
   99  cat demo.txt
  100  echo "hello world" > demo.txt
  101  cat demo.txt
  102  rm demo.txt
  103  clear
  104  history > cmds.log
  105  ls
  106  cat cmds.log
  107  rm cmds.log
  108  ls
  109  clear
  110  wget www.github.com
  111  ls
  112  pwd
  113  cd ~/Desktop
  114  mkdir myproject
  115  ls
  116  cd myproject/
  117  myproject swansp24$ git init
  118  git init
  119  ls
  120  l
  121  touch test.txt
  122  ls
  123  add test.txt
  124  git add test.txt
  125  git status
  126  git commit -m "This was a test"
  127  git checkout -b testbranch
  128  git branch
  129  cd swansp24/
  130  pwd
  131  cd mnt/scratch/SP24_CS131_Jyotika/swansp24/
  132  cd
  133  ls
  134  rm myproject
  135  ls myproject
  136  cd myproject/
  137  rm test.txt
  138  ls
  139  ls myproject
  140  cd
  141  rm myproject
  142  rmdir myproject
  143  rmdir testbranch
  144  git branch -d testbranch
  145  ls
  146  cd myproject/
  147  git branch -d testbranch
  148  cd
  149  ls
  150  rm -rf myproject
  151  ls
  152  /c
  153  \c
  154  clear
  155  history > cmds.log
  156  ls
  157  ls cmds.log
  158  cat cmds.log
  159  cd cs131/
  160  mkdir cs131
  161  ls
  162  cd cs131/
  163  git init
  164  touch worksheet1
  165  ls
  166  cd worksheet1/
  167  rm worksheet1
  168  ls
  169  history > cmds.log
  170  ls
  171  touch cmds.log
  172  ls
  173  rm cmds.log
  174  touch history > cmds.log
  175  ls
  176  rm cmds.log
  177  rm history
  178  ls
  179  mkdir worksheet1
  180  ls
  181  cd worksheet1/
  182  history > cmds.log
  183  ls
  184  cat cmds.log
  185  git add cmds.log
  186  ls
  187  git status
  188  git commit -m "Command history file"
  189  git remote add origin https://github.com/swanpyaesonetun/cs131.git
  190  git push -u origin master
  191  git remote add origin https://github.com/swanpyaesonetun/cs131.git
  192  git push -u origin master
  193  ls
  194  git remote add origin https://github.com/swanpyaesonetun/cs131.git
  195  git push -u origin main
  196  cd
  197  ls
  198  rm cmds.log
  199  cd cs131/
  200  ls
  201  git push -u origin main
  202  git remote add origin https://github.com/swanpyaesonetun/cs131.git
  203  git push -u origin master
  204  cd
  205  rm cs131
  206  rmdir cs131
  207  rm -rf cs131
  208  ls
  209  cat cmds.log
  210  mkdir myproject
  211  ls
  212  rm myproject
  213  rmdir myproject
  214  mkdir cs131
  215  cd cs131/
  216  history > cmds.log
  217  git init
  218  git remote add origin https://github.com/swanpyaesonetun/cs131.git
  219  git add cmds.log
  220  git commit -m "Add cmds.log"
  221  git push origin master
  222  git push origina master
  223  git push origin master
  224  git push -u origin master
  225  cd
  226  ls
  227  rm cs131
  228  rm -rf cs131
  229  ls
  230  mkdir worksheet1
  231  cd worksheet1/
  232  git init
  233  history > cmds.log
  234  git add cmds.log
  235  git commit -m "Add cmds.log"
  236  git remote add origin git@github.com:swanpyaesonetun/cs131.git
  237  git push origin master
  238  cd
  239  cd ~/.ssh && ssh-keygen
  240  cat id_rsa.pub
  241  ls
  242  cat ssh
  243  rm ssh
  244  ls
  245  cd
  246  mkdir ~/.ssh
  247  cd ~.ssh && ssh-keygen
  248  cd ~/.ssh && ssh-keygen
  249  ls
  250  cat id_rsa.pub
  251  cat 'cat id_rsa.pub.pub'
  252  cat id_rsa.pub
  253  rm id_rsa.pub
  254  ls
  255  cat id_rsa.pub.pub
  256  rm id_rsa.pub.pub
  257  ls
  258  cat ssh.pub
  259  cd
  260  cd .ssh/
  261  ls
  262  cd
  263  ssh-keygen
  264  cd .ssh
  265  ls
  266  cat id_rsa.pub
  267  cd
  268  ls
  269  cd worksheet1/
  270  ls
  271  git remote add origin git@github.com:swanpyaesonetun/cs131.git
  272  git remote remove origin
  273  git remote add origin git@github.com:swanpyaesonetun/cs131.git
  274  git push origin master
  275  cd
  276  git push origin master
  277  cd worksheet1/
  278  cd
  279  rm -rf worksheet1
  280  ls
  281  mkdir cs131
  282  cd cs131/
  283  git init
  284  mkdir worksheet1
  285  git add worksheet1/
  286  cd worksheet1/
  287  history > cmds.log
